

Symbol: BTC
Data Points: 3516133
Date Range: 2022-02-07 02:35:06.781000 -- 2022-12-09 12:31:46.306000
Average Interval: 7.50s
Interval: 5min, Max Deviation: 6.60%, Max Deviation Interval End: 2022-11-10 13:34:39.765000
Interval: 10min, Max Deviation: 7.93%, Max Deviation Interval End: 2022-06-15 18:45:46.831000
Interval: 30min, Max Deviation: 9.08%, Max Deviation Interval End: 2022-06-15 18:45:46.831000
Interval: 1H, Max Deviation: 10.16%, Max Deviation Interval End: 2022-06-15 18:45:46.831000
Interval: 1D, Max Deviation: 25.70%, Max Deviation Interval End: 2022-06-14 02:00:21.170000



Symbol: FRAX
Data Points: 3181208
Date Range: 2022-02-07 02:35:06.781000 -- 2022-11-15 19:01:45.680000
Average Interval: 7.65s
Interval: 5min, Max Deviation: 13.45%, Max Deviation Interval End: 2022-09-28 22:14:41.251000
Interval: 10min, Max Deviation: 13.45%, Max Deviation Interval End: 2022-09-28 22:14:41.251000
Interval: 30min, Max Deviation: 13.79%, Max Deviation Interval End: 2022-09-28 22:00:01.110000
Interval: 1H, Max Deviation: 13.79%, Max Deviation Interval End: 2022-09-28 22:00:01.110000
Interval: 1D, Max Deviation: 14.09%, Max Deviation Interval End: 2022-09-28 22:00:01.110000


Outliers for FRAX:
{'value': 0.8814553690723375, 'source': {'coingecko': 'error', 'uniswap': 0.7597161402355984, 'sushiswap': 1.0031945979090766}, 'timestamp': 1664402401110.0, 'timestamp_human': Timestamp('2022-09-28 22:00:01.110000128')}
{'value': 0.8814553690723375, 'source': {'coingecko': 'error', 'uniswap': 0.7597161402355984, 'sushiswap': 1.0031945979090766}, 'timestamp': 1664403001203.0, 'timestamp_human': Timestamp('2022-09-28 22:10:01.203000064')}
{'value': 1.0681369744080853, 'source': {'coingecko': 'error', 'uniswap': 1.1241891186851918, 'sushiswap': 1.0120848301309788}, 'timestamp': 1667460928755.0, 'timestamp_human': Timestamp('2022-11-03 07:35:28.755000064')}
{'value': 1.0681369744080853, 'source': {'coingecko': 'error', 'uniswap': 1.1241891186851918, 'sushiswap': 1.0120848301309788}, 'timestamp': 1667461808922.0, 'timestamp_human': Timestamp('2022-11-03 07:50:08.921999872')}


Symbol: FRAX outliers removed
Interval: 5min, Max Deviation: 7.51%, Max Deviation Interval End: 2022-05-12 06:57:30.279000
Interval: 10min, Max Deviation: 7.51%, Max Deviation Interval End: 2022-05-12 06:57:30.279000
Interval: 30min, Max Deviation: 7.51%, Max Deviation Interval End: 2022-05-12 06:57:30.279000
Interval: 1H, Max Deviation: 7.51%, Max Deviation Interval End: 2022-05-12 06:57:30.279000
Interval: 1D, Max Deviation: 7.93%, Max Deviation Interval End: 2022-11-03 09:27:40.038000



Symbol: sAVAX
Data Points: 1540396
Date Range: 2022-09-05 16:50:53.132000 -- 2022-12-09 12:12:46.236000
Average Interval: 5.32s
Interval: 5min, Max Deviation: 7.20%, Max Deviation Interval End: 2022-11-09 21:15:36.310000
Interval: 10min, Max Deviation: 7.35%, Max Deviation Interval End: 2022-11-09 21:19:36.351000
Interval: 30min, Max Deviation: 11.37%, Max Deviation Interval End: 2022-11-09 21:28:46.443000
Interval: 1H, Max Deviation: 11.79%, Max Deviation Interval End: 2022-11-09 21:28:46.443000
Interval: 1D, Max Deviation: 41.08%, Max Deviation Interval End: 2022-11-09 21:28:46.443000



Symbol: SAV2
Data Points: 1204205
Date Range: 2022-09-05 16:50:53.132000 -- 2022-11-15 19:01:45.680000
Average Interval: 5.10s
Interval: 5min, Max Deviation: 6.88%, Max Deviation Interval End: 2022-11-09 21:16:16.319000
Interval: 10min, Max Deviation: 7.03%, Max Deviation Interval End: 2022-11-09 21:20:16.358000
Interval: 30min, Max Deviation: 11.11%, Max Deviation Interval End: 2022-11-09 21:29:09.133000
Interval: 1H, Max Deviation: 11.70%, Max Deviation Interval End: 2022-11-09 21:29:09.133000
Interval: 1D, Max Deviation: 41.06%, Max Deviation Interval End: 2022-11-09 21:29:09.133000



Symbol: ETH
Data Points: 3516133
Date Range: 2022-02-07 02:35:06.781000 -- 2022-12-09 12:31:46.306000
Average Interval: 7.50s
Interval: 5min, Max Deviation: 9.30%, Max Deviation Interval End: 2022-11-10 13:34:29.762000
Interval: 10min, Max Deviation: 12.17%, Max Deviation Interval End: 2022-06-15 18:45:46.831000
Interval: 30min, Max Deviation: 14.70%, Max Deviation Interval End: 2022-06-15 18:45:46.831000
Interval: 1H, Max Deviation: 16.39%, Max Deviation Interval End: 2022-06-15 18:45:46.831000
Interval: 1D, Max Deviation: 38.22%, Max Deviation Interval End: 2022-11-09 10:20:12.116000



Symbol: USDT
Data Points: 3516118
Date Range: 2022-02-07 02:35:06.781000 -- 2022-12-09 12:31:46.306000
Average Interval: 7.50s
Interval: 5min, Max Deviation: 100.37%, Max Deviation Interval End: 2022-05-12 05:09:41.206000
Interval: 10min, Max Deviation: 100.69%, Max Deviation Interval End: 2022-05-12 05:17:55.089000
Interval: 30min, Max Deviation: 103.00%, Max Deviation Interval End: 2022-05-12 05:26:43.704000
Interval: 1H, Max Deviation: 103.00%, Max Deviation Interval End: 2022-05-12 05:26:43.704000
Interval: 1D, Max Deviation: 103.00%, Max Deviation Interval End: 2022-05-12 05:26:43.704000


Outliers for USDT:
{'source': {'binanceus': 'error', 'bitfinex': 'error', 'bitfinex2': 'error', 'bittrex': 'error', 'cex': 'error', 'coingecko': 'error', 'currencycom': 'error', 'ftx': 'error', 'kraken': 'error', 'okcoin': 'error', 'kyber': 'error', 'sushiswap': 0.49801987239337686, 'uniswap': 'error'}, 'timestamp': 1652332181206.0, 'value': 0.49801987239337686, 'timestamp_human': Timestamp('2022-05-12 05:09:41.206000128')}


Symbol: USDT outliers removed
Interval: 5min, Max Deviation: 3.11%, Max Deviation Interval End: 2022-05-12 07:22:02.081000
Interval: 10min, Max Deviation: 3.20%, Max Deviation Interval End: 2022-05-12 07:22:02.081000
Interval: 30min, Max Deviation: 3.30%, Max Deviation Interval End: 2022-05-12 07:22:02.081000
Interval: 1H, Max Deviation: 3.30%, Max Deviation Interval End: 2022-05-12 07:22:02.081000
Interval: 1D, Max Deviation: 4.96%, Max Deviation Interval End: 2022-05-12 07:22:02.081000



Symbol: TJ_AVAX_USDC_LP
Data Points: 1030057
Date Range: 2022-10-05 09:37:30.113000 -- 2022-12-09 12:03:36.114000
Average Interval: 5.46s
Interval: 5min, Max Deviation: 2.58%, Max Deviation Interval End: 2022-11-10 13:37:29.800000
Interval: 10min, Max Deviation: 2.79%, Max Deviation Interval End: 2022-11-10 13:38:09.809000
Interval: 30min, Max Deviation: 3.76%, Max Deviation Interval End: 2022-11-08 18:22:00.620000
Interval: 1H, Max Deviation: 4.46%, Max Deviation Interval End: 2022-11-08 18:22:00.620000
Interval: 1D, Max Deviation: 14.45%, Max Deviation Interval End: 2022-11-09 21:30:06.451000



Symbol: PNG_AVAX_USDC_LP
Data Points: 1030057
Date Range: 2022-10-05 09:37:30.113000 -- 2022-12-09 12:03:36.114000
Average Interval: 5.46s
Interval: 5min, Max Deviation: 2.58%, Max Deviation Interval End: 2022-11-10 13:37:29.800000
Interval: 10min, Max Deviation: 2.80%, Max Deviation Interval End: 2022-11-10 13:37:29.800000
Interval: 30min, Max Deviation: 3.76%, Max Deviation Interval End: 2022-11-08 18:22:00.620000
Interval: 1H, Max Deviation: 4.46%, Max Deviation Interval End: 2022-11-08 18:22:00.620000
Interval: 1D, Max Deviation: 14.55%, Max Deviation Interval End: 2022-11-09 21:30:06.451000



Symbol: YY_TJ_AVAX_USDC_LP
Data Points: 1029550
Date Range: 2022-10-05 12:14:17.941000 -- 2022-12-09 12:03:36.114000
Average Interval: 5.45s
Interval: 5min, Max Deviation: 2.58%, Max Deviation Interval End: 2022-11-10 13:38:19.810000
Interval: 10min, Max Deviation: 2.78%, Max Deviation Interval End: 2022-11-10 13:38:19.810000
Interval: 30min, Max Deviation: 3.76%, Max Deviation Interval End: 2022-11-08 18:23:00.630000
Interval: 1H, Max Deviation: 4.45%, Max Deviation Interval End: 2022-11-08 18:23:00.630000
Interval: 1D, Max Deviation: 14.42%, Max Deviation Interval End: 2022-11-09 21:30:09.146000



Symbol: MOO_TJ_AVAX_USDC_LP
Data Points: 590216
Date Range: 2022-10-30 12:58:22.300000 -- 2022-12-09 11:51:26.069000
Average Interval: 5.85s
Interval: 5min, Max Deviation: 2.58%, Max Deviation Interval End: 2022-11-10 13:38:19.810000
Interval: 10min, Max Deviation: 2.78%, Max Deviation Interval End: 2022-11-10 13:38:19.810000
Interval: 30min, Max Deviation: 3.76%, Max Deviation Interval End: 2022-11-08 18:23:00.630000
Interval: 1H, Max Deviation: 4.45%, Max Deviation Interval End: 2022-11-08 18:23:00.630000
Interval: 1D, Max Deviation: 14.43%, Max Deviation Interval End: 2022-11-09 21:30:09.146000



Symbol: PNG
Data Points: 2312386
Date Range: 2022-07-03 05:54:13.253000 -- 2022-12-09 12:21:16.265000
Average Interval: 5.95s
Interval: 5min, Max Deviation: 25.21%, Max Deviation Interval End: 2022-09-12 14:12:46.058000
Interval: 10min, Max Deviation: 38.18%, Max Deviation Interval End: 2022-09-12 14:17:23.682000
Interval: 30min, Max Deviation: 42.07%, Max Deviation Interval End: 2022-09-12 14:33:36.289000
Interval: 1H, Max Deviation: 51.28%, Max Deviation Interval End: 2022-09-12 14:42:03.928000
Interval: 1D, Max Deviation: 67.56%, Max Deviation Interval End: 2022-11-14 19:29:29.057000



Symbol: AVAX
Data Points: 3516252
Date Range: 2022-02-07 02:09:27.393000 -- 2022-12-09 12:31:46.306000
Average Interval: 7.50s
Interval: 5min, Max Deviation: 24.44%, Max Deviation Interval End: 2022-05-11 12:51:58.710000
Interval: 10min, Max Deviation: 31.03%, Max Deviation Interval End: 2022-05-11 12:51:58.710000
Interval: 30min, Max Deviation: 47.19%, Max Deviation Interval End: 2022-05-11 12:51:58.710000
Interval: 1H, Max Deviation: 50.62%, Max Deviation Interval End: 2022-05-11 12:51:58.710000
Interval: 1D, Max Deviation: 90.20%, Max Deviation Interval End: 2022-05-11 12:51:58.710000



Symbol: YAK
Data Points: 3496105
Date Range: 2022-02-07 02:35:06.781000 -- 2022-12-09 12:27:46.291000
Average Interval: 7.55s
Interval: 5min, Max Deviation: 33.53%, Max Deviation Interval End: 2022-05-22 23:04:40.852000
Interval: 10min, Max Deviation: 33.64%, Max Deviation Interval End: 2022-05-22 23:06:10.864000
Interval: 30min, Max Deviation: 34.65%, Max Deviation Interval End: 2022-05-22 23:04:20.846000
Interval: 1H, Max Deviation: 36.30%, Max Deviation Interval End: 2022-05-22 23:14:20.984000
Interval: 1D, Max Deviation: 71.38%, Max Deviation Interval End: 2022-05-12 07:14:38.498000



Symbol: QI
Data Points: 2312386
Date Range: 2022-07-03 05:54:13.253000 -- 2022-12-09 12:21:16.265000
Average Interval: 5.95s
Interval: 5min, Max Deviation: 17.80%, Max Deviation Interval End: 2022-10-15 22:44:36.648000
Interval: 10min, Max Deviation: 23.95%, Max Deviation Interval End: 2022-11-23 18:34:31.909000
Interval: 30min, Max Deviation: 45.76%, Max Deviation Interval End: 2022-11-23 18:39:03.743000
Interval: 1H, Max Deviation: 47.88%, Max Deviation Interval End: 2022-11-23 18:39:03.743000
Interval: 1D, Max Deviation: 66.93%, Max Deviation Interval End: 2022-11-23 22:30:02.175000



Symbol: XAVA
Data Points: 3496063
Date Range: 2022-02-07 02:09:27.393000 -- 2022-12-09 12:27:46.291000
Average Interval: 7.55s
Interval: 5min, Max Deviation: 75.49%, Max Deviation Interval End: 2022-05-08 11:06:51.879000
Interval: 10min, Max Deviation: 75.61%, Max Deviation Interval End: 2022-05-08 11:07:31.885000
Interval: 30min, Max Deviation: 75.87%, Max Deviation Interval End: 2022-05-08 11:20:41.980000
Interval: 1H, Max Deviation: 75.87%, Max Deviation Interval End: 2022-05-08 11:20:41.980000
Interval: 1D, Max Deviation: 86.24%, Max Deviation Interval End: 2022-05-08 11:02:16.731000



Symbol: LINK
Data Points: 2312387
Date Range: 2022-07-03 05:54:13.253000 -- 2022-12-09 12:21:16.265000
Average Interval: 5.95s
Interval: 5min, Max Deviation: 9.34%, Max Deviation Interval End: 2022-11-08 19:38:23.019000
Interval: 10min, Max Deviation: 12.38%, Max Deviation Interval End: 2022-11-08 19:33:01.323000
Interval: 30min, Max Deviation: 16.88%, Max Deviation Interval End: 2022-11-08 19:33:01.323000
Interval: 1H, Max Deviation: 20.44%, Max Deviation Interval End: 2022-11-08 19:33:01.323000
Interval: 1D, Max Deviation: 48.88%, Max Deviation Interval End: 2022-11-09 10:20:12.116000



Symbol: USDC
Data Points: 2706978
Date Range: 2022-02-07 02:35:06.781000 -- 2022-12-09 12:21:16.265000
Average Interval: 9.75s
Interval: 5min, Max Deviation: 1.12%, Max Deviation Interval End: 2022-11-10 12:18:38.904000
Interval: 10min, Max Deviation: 1.12%, Max Deviation Interval End: 2022-11-10 12:18:38.904000
Interval: 30min, Max Deviation: 1.24%, Max Deviation Interval End: 2022-11-10 13:15:39.554000
Interval: 1H, Max Deviation: 1.72%, Max Deviation Interval End: 2022-11-10 13:47:56.219000
Interval: 1D, Max Deviation: 1.75%, Max Deviation Interval End: 2022-11-10 15:11:10.803000



Symbol: YYAV3SA1
Data Points: 1840234
Date Range: 2022-08-16 11:58:16.848000 -- 2022-12-09 12:16:16.248000
Average Interval: 5.40s
Interval: 5min, Max Deviation: 7.28%, Max Deviation Interval End: 2022-09-18 21:12:01.895000
Interval: 10min, Max Deviation: 7.86%, Max Deviation Interval End: 2022-09-18 21:12:01.895000
Interval: 30min, Max Deviation: 8.25%, Max Deviation Interval End: 2022-09-18 21:12:01.895000
Interval: 1H, Max Deviation: 9.54%, Max Deviation Interval End: 2022-11-09 21:29:16.446000
Interval: 1D, Max Deviation: 33.85%, Max Deviation Interval End: 2022-11-09 21:29:16.446000

